app/build/intermediates/manifest_merge_blame_file/debug/manifest-merger-blame-debug-report.txt
1<?xml version="1.0" encoding="utf-8"?>
2<manifest xmlns:android="http://schemas.android.com/apk/res/android"
3    package="net.simplifiedcoding.firebaseauthtutorial"
4    android:versionCode="1"
5    android:versionName="1.0" >
6
7    <uses-sdk
8        android:minSdkVersion="16"
8-->src/main/AndroidManifest.xml
9        android:targetSdkVersion="28" />
9-->src/main/AndroidManifest.xml
10
11    <uses-permission android:name="android.permission.INTERNET" />
11-->[com.google.firebase:firebase-auth:20.0.0] AndroidManifest.xml:23:5-67
11-->[com.google.firebase:firebase-auth:20.0.0] AndroidManifest.xml:23:22-64
12    <uses-permission android:name="android.permission.ACCESS_NETWORK_STATE" />
12-->[com.google.firebase:firebase-auth:20.0.0] AndroidManifest.xml:24:5-79
12-->[com.google.firebase:firebase-auth:20.0.0] AndroidManifest.xml:24:22-76
13
14    <application
14-->src/main/AndroidManifest.xml:5:5-25:19
15        android:name="androidx.multidex.MultiDexApplication"
16        android:allowBackup="true"
16-->src/main/AndroidManifest.xml:6:13-39
17        android:appComponentFactory="androidx.core.app.CoreComponentFactory"
17-->[androidx.core:core:1.1.0-beta01] AndroidManifest.xml:22:18-86
18        android:debuggable="true"
19        android:icon="@mipmap/ic_launcher"
19-->src/main/AndroidManifest.xml:7:13-47
20        android:label="@string/app_name"
20-->src/main/AndroidManifest.xml:8:13-45
21        android:roundIcon="@mipmap/ic_launcher_round"
21-->src/main/AndroidManifest.xml:9:13-58
22        android:supportsRtl="true"
22-->src/main/AndroidManifest.xml:10:13-39
23        android:theme="@style/AppTheme" >
23-->src/main/AndroidManifest.xml:11:13-44
24        <activity android:name="net.simplifiedcoding.firebaseauthtutorial.ui.ResetPasswordActivity" >
24-->src/main/AndroidManifest.xml:12:9-13:20
24-->src/main/AndroidManifest.xml:12:19-59
25        </activity>
26        <activity android:name="net.simplifiedcoding.firebaseauthtutorial.ui.HomeActivity" >
26-->src/main/AndroidManifest.xml:14:9-15:20
26-->src/main/AndroidManifest.xml:14:19-50
27        </activity>
28        <activity android:name="net.simplifiedcoding.firebaseauthtutorial.ui.RegisterActivity" >
28-->src/main/AndroidManifest.xml:16:9-17:20
28-->src/main/AndroidManifest.xml:16:19-54
29        </activity>
30        <activity android:name="net.simplifiedcoding.firebaseauthtutorial.ui.LoginActivity" >
30-->src/main/AndroidManifest.xml:18:9-24:20
30-->src/main/AndroidManifest.xml:18:19-51
31            <intent-filter>
31-->src/main/AndroidManifest.xml:19:13-23:29
32                <action android:name="android.intent.action.MAIN" />
32-->src/main/AndroidManifest.xml:20:17-68
32-->src/main/AndroidManifest.xml:20:25-66
33
34                <category android:name="android.intent.category.LAUNCHER" />
34-->src/main/AndroidManifest.xml:22:17-76
34-->src/main/AndroidManifest.xml:22:27-74
35            </intent-filter>
36        </activity>
37        <activity
37-->[com.google.firebase:firebase-auth:20.0.0] AndroidManifest.xml:27:9-34:50
38            android:name="com.google.firebase.auth.internal.FederatedSignInActivity"
38-->[com.google.firebase:firebase-auth:20.0.0] AndroidManifest.xml:28:13-85
39            android:excludeFromRecents="true"
39-->[com.google.firebase:firebase-auth:20.0.0] AndroidManifest.xml:29:13-46
40            android:exported="true"
40-->[com.google.firebase:firebase-auth:20.0.0] AndroidManifest.xml:30:13-36
41            android:launchMode="singleTask"
41-->[com.google.firebase:firebase-auth:20.0.0] AndroidManifest.xml:31:13-44
42            android:permission="com.google.firebase.auth.api.gms.permission.LAUNCH_FEDERATED_SIGN_IN"
42-->[com.google.firebase:firebase-auth:20.0.0] AndroidManifest.xml:32:13-102
43            android:theme="@android:style/Theme.Translucent.NoTitleBar" />
43-->[com.google.firebase:firebase-auth:20.0.0] AndroidManifest.xml:33:13-72
44        <activity
44-->[com.google.firebase:firebase-auth:20.0.0] AndroidManifest.xml:35:9-52:20
45            android:name="com.google.firebase.auth.internal.GenericIdpActivity"
45-->[com.google.firebase:firebase-auth:20.0.0] AndroidManifest.xml:36:13-80
46            android:excludeFromRecents="true"
46-->[com.google.firebase:firebase-auth:20.0.0] AndroidManifest.xml:37:13-46
47            android:exported="true"
47-->[com.google.firebase:firebase-auth:20.0.0] AndroidManifest.xml:38:13-36
48            android:launchMode="singleTask"
48-->[com.google.firebase:firebase-auth:20.0.0] AndroidManifest.xml:39:13-44
49            android:theme="@android:style/Theme.Translucent.NoTitleBar" >
49-->[com.google.firebase:firebase-auth:20.0.0] AndroidManifest.xml:40:13-72
50            <intent-filter>
50-->[com.google.firebase:firebase-auth:20.0.0] AndroidManifest.xml:41:13-51:29
51                <action android:name="android.intent.action.VIEW" />
51-->[com.google.firebase:firebase-auth:20.0.0] AndroidManifest.xml:42:17-69
51-->[com.google.firebase:firebase-auth:20.0.0] AndroidManifest.xml:42:25-66
52
53                <category android:name="android.intent.category.DEFAULT" />
53-->[com.google.firebase:firebase-auth:20.0.0] AndroidManifest.xml:44:17-76
53-->[com.google.firebase:firebase-auth:20.0.0] AndroidManifest.xml:44:27-73
54                <category android:name="android.intent.category.BROWSABLE" />
54-->[com.google.firebase:firebase-auth:20.0.0] AndroidManifest.xml:45:17-78
54-->[com.google.firebase:firebase-auth:20.0.0] AndroidManifest.xml:45:27-75
55
56                <data
56-->[com.google.firebase:firebase-auth:20.0.0] AndroidManifest.xml:47:17-50:51
57                    android:host="firebase.auth"
57-->[com.google.firebase:firebase-auth:20.0.0] AndroidManifest.xml:48:21-49
58                    android:path="/"
58-->[com.google.firebase:firebase-auth:20.0.0] AndroidManifest.xml:49:21-37
59                    android:scheme="genericidp" />
59-->[com.google.firebase:firebase-auth:20.0.0] AndroidManifest.xml:50:21-48
60            </intent-filter>
61        </activity>
62        <activity
62-->[com.google.firebase:firebase-auth:20.0.0] AndroidManifest.xml:53:9-70:20
63            android:name="com.google.firebase.auth.internal.RecaptchaActivity"
63-->[com.google.firebase:firebase-auth:20.0.0] AndroidManifest.xml:54:13-79
64            android:excludeFromRecents="true"
64-->[com.google.firebase:firebase-auth:20.0.0] AndroidManifest.xml:55:13-46
65            android:exported="true"
65-->[com.google.firebase:firebase-auth:20.0.0] AndroidManifest.xml:56:13-36
66            android:launchMode="singleTask"
66-->[com.google.firebase:firebase-auth:20.0.0] AndroidManifest.xml:57:13-44
67            android:theme="@android:style/Theme.Translucent.NoTitleBar" >
67-->[com.google.firebase:firebase-auth:20.0.0] AndroidManifest.xml:58:13-72
68            <intent-filter>
68-->[com.google.firebase:firebase-auth:20.0.0] AndroidManifest.xml:59:13-69:29
69                <action android:name="android.intent.action.VIEW" />
69-->[com.google.firebase:firebase-auth:20.0.0] AndroidManifest.xml:42:17-69
69-->[com.google.firebase:firebase-auth:20.0.0] AndroidManifest.xml:42:25-66
70
71                <category android:name="android.intent.category.DEFAULT" />
71-->[com.google.firebase:firebase-auth:20.0.0] AndroidManifest.xml:44:17-76
71-->[com.google.firebase:firebase-auth:20.0.0] AndroidManifest.xml:44:27-73
72                <category android:name="android.intent.category.BROWSABLE" />
72-->[com.google.firebase:firebase-auth:20.0.0] AndroidManifest.xml:45:17-78
72-->[com.google.firebase:firebase-auth:20.0.0] AndroidManifest.xml:45:27-75
73
74                <data
74-->[com.google.firebase:firebase-auth:20.0.0] AndroidManifest.xml:47:17-50:51
75                    android:host="firebase.auth"
75-->[com.google.firebase:firebase-auth:20.0.0] AndroidManifest.xml:48:21-49
76                    android:path="/"
76-->[com.google.firebase:firebase-auth:20.0.0] AndroidManifest.xml:49:21-37
77                    android:scheme="recaptcha" />
77-->[com.google.firebase:firebase-auth:20.0.0] AndroidManifest.xml:50:21-48
78            </intent-filter>
79        </activity>
80
81        <service
81-->[com.google.firebase:firebase-auth:20.0.0] AndroidManifest.xml:72:9-81:19
82            android:name="com.google.firebase.auth.api.fallback.service.FirebaseAuthFallbackService"
82-->[com.google.firebase:firebase-auth:20.0.0] AndroidManifest.xml:73:13-101
83            android:enabled="true"
83-->[com.google.firebase:firebase-auth:20.0.0] AndroidManifest.xml:74:13-35
84            android:exported="false" >
84-->[com.google.firebase:firebase-auth:20.0.0] AndroidManifest.xml:75:13-37
85            <intent-filter>
85-->[com.google.firebase:firebase-auth:20.0.0] AndroidManifest.xml:76:13-80:29
86                <action android:name="com.google.firebase.auth.api.gms.service.START" />
86-->[com.google.firebase:firebase-auth:20.0.0] AndroidManifest.xml:77:17-89
86-->[com.google.firebase:firebase-auth:20.0.0] AndroidManifest.xml:77:25-86
87
88                <category android:name="android.intent.category.DEFAULT" />
88-->[com.google.firebase:firebase-auth:20.0.0] AndroidManifest.xml:44:17-76
88-->[com.google.firebase:firebase-auth:20.0.0] AndroidManifest.xml:44:27-73
89            </intent-filter>
90        </service>
91        <service
91-->[com.google.firebase:firebase-auth:20.0.0] AndroidManifest.xml:82:9-88:19
92            android:name="com.google.firebase.components.ComponentDiscoveryService"
92-->[com.google.firebase:firebase-auth:20.0.0] AndroidManifest.xml:83:13-84
93            android:directBootAware="true"
93-->[com.google.firebase:firebase-common:19.3.1] AndroidManifest.xml:35:13-43
94            android:exported="false" >
94-->[com.google.firebase:firebase-auth:20.0.0] AndroidManifest.xml:84:13-37
95            <meta-data
95-->[com.google.firebase:firebase-auth:20.0.0] AndroidManifest.xml:85:13-87:85
96                android:name="com.google.firebase.components:com.google.firebase.auth.FirebaseAuthRegistrar"
96-->[com.google.firebase:firebase-auth:20.0.0] AndroidManifest.xml:86:17-109
97                android:value="com.google.firebase.components.ComponentRegistrar" />
97-->[com.google.firebase:firebase-auth:20.0.0] AndroidManifest.xml:87:17-82
98            <meta-data
98-->[com.google.firebase:firebase-database:19.5.1] AndroidManifest.xml:32:13-34:85
99                android:name="com.google.firebase.components:com.google.firebase.database.DatabaseRegistrar"
99-->[com.google.firebase:firebase-database:19.5.1] AndroidManifest.xml:33:17-109
100                android:value="com.google.firebase.components.ComponentRegistrar" />
100-->[com.google.firebase:firebase-database:19.5.1] AndroidManifest.xml:34:17-82
101            <meta-data
101-->[com.google.firebase:firebase-storage:19.2.0] AndroidManifest.xml:33:13-35:85
102                android:name="com.google.firebase.components:com.google.firebase.storage.StorageRegistrar"
102-->[com.google.firebase:firebase-storage:19.2.0] AndroidManifest.xml:34:17-107
103                android:value="com.google.firebase.components.ComponentRegistrar" />
103-->[com.google.firebase:firebase-storage:19.2.0] AndroidManifest.xml:35:17-82
104            <meta-data
104-->[com.google.firebase:firebase-firestore:21.2.1] AndroidManifest.xml:20:13-22:85
105                android:name="com.google.firebase.components:com.google.firebase.firestore.FirestoreRegistrar"
105-->[com.google.firebase:firebase-firestore:21.2.1] AndroidManifest.xml:21:17-111
106                android:value="com.google.firebase.components.ComponentRegistrar" />
106-->[com.google.firebase:firebase-firestore:21.2.1] AndroidManifest.xml:22:17-82
107        </service>
108
109        <provider
109-->[com.google.firebase:firebase-common:19.3.1] AndroidManifest.xml:26:9-31:39
110            android:name="com.google.firebase.provider.FirebaseInitProvider"
110-->[com.google.firebase:firebase-common:19.3.1] AndroidManifest.xml:27:13-77
111            android:authorities="net.simplifiedcoding.firebaseauthtutorial.firebaseinitprovider"
111-->[com.google.firebase:firebase-common:19.3.1] AndroidManifest.xml:28:13-72
112            android:directBootAware="true"
112-->[com.google.firebase:firebase-common:19.3.1] AndroidManifest.xml:29:13-43
113            android:exported="false"
113-->[com.google.firebase:firebase-common:19.3.1] AndroidManifest.xml:30:13-37
114            android:initOrder="100" />
114-->[com.google.firebase:firebase-common:19.3.1] AndroidManifest.xml:31:13-36
115
116        <activity
116-->[com.google.android.gms:play-services-base:17.1.0] AndroidManifest.xml:23:9-26:75
117            android:name="com.google.android.gms.common.api.GoogleApiActivity"
117-->[com.google.android.gms:play-services-base:17.1.0] AndroidManifest.xml:24:13-79
118            android:exported="false"
118-->[com.google.android.gms:play-services-base:17.1.0] AndroidManifest.xml:25:13-37
119            android:theme="@android:style/Theme.Translucent.NoTitleBar" />
119-->[com.google.android.gms:play-services-base:17.1.0] AndroidManifest.xml:26:13-72
120
121        <meta-data
121-->[com.google.android.gms:play-services-basement:17.1.0] AndroidManifest.xml:23:9-25:69
122            android:name="com.google.android.gms.version"
122-->[com.google.android.gms:play-services-basement:17.1.0] AndroidManifest.xml:24:13-58
123            android:value="@integer/google_play_services_version" />
123-->[com.google.android.gms:play-services-basement:17.1.0] AndroidManifest.xml:25:13-66
124    </application>
125
126</manifest>